
  2023-03-25 01:06:01 Running [Callback] ........................ 3,184ms DONE


  2023-03-25 01:07:01 Running [Callback] .......................... 676ms DONE


  2023-03-25 01:08:01 Running [Callback] ........................ 1,249ms DONE


  2023-03-25 01:09:02 Running [Callback] .......................... 911ms DONE


  2023-03-25 01:10:02 Running [Callback] ........................ 1,535ms DONE


  2023-03-25 01:11:01 Running [Callback] ........................ 1,396ms DONE


  2023-03-25 01:12:01 Running [Callback] .......................... 719ms DONE


  2023-03-25 01:13:01 Running [Callback] .......................... 688ms DONE


  2023-03-25 01:14:01 Running [Callback] .......................... 769ms DONE


  2023-03-25 01:15:02 Running [Callback] .......................... 848ms DONE

Error response from daemon: No such container: supman
Error response from daemon: No such container: supman

  2023-03-25 01:18:01 Running [Callback] .......................... 778ms FAIL


  2023-03-25 01:19:01 Running [Callback] .......................... 777ms FAIL


  2023-03-25 01:20:01 Running [Callback] ........................ 1,284ms FAIL


  2023-03-25 01:21:01 Running [Callback] .......................... 863ms FAIL


  2023-03-25 01:22:01 Running [Callback] .......................... 722ms FAIL


  2023-03-25 01:23:01 Running [Callback] .......................... 750ms FAIL


  2023-03-25 01:24:01 Running [Callback] .......................... 876ms FAIL


  2023-03-25 01:25:01 Running [Callback] .......................... 862ms FAIL


  2023-03-25 01:26:01 Running [Callback] .......................... 924ms FAIL


  2023-03-25 01:27:01 Running [Callback] ........................ 1,256ms FAIL


  2023-03-25 01:28:01 Running [Callback] .......................... 885ms FAIL


  2023-03-25 01:29:01 Running [Callback] .......................... 768ms FAIL


  2023-03-25 01:30:01 Running [Callback] .......................... 761ms FAIL


  2023-03-25 01:31:01 Running [Callback] .......................... 770ms FAIL


  2023-03-25 01:32:01 Running [Callback] ........................ 3,049ms FAIL


  2023-03-25 01:33:01 Running [Callback] ........................ 1,364ms FAIL


  2023-03-25 01:34:02 Running [Callback] ........................ 1,126ms FAIL


  2023-03-25 01:35:01 Running [Callback] ........................ 3,241ms FAIL


  2023-03-25 01:36:01 Running [Callback] ........................ 1,304ms FAIL


  2023-03-25 01:37:01 Running [Callback] ........................ 1,630ms FAIL


  2023-03-25 01:38:01 Running [Callback] ........................ 2,205ms FAIL


  2023-03-25 01:39:01 Running [Callback] ........................ 1,634ms FAIL


  2023-03-25 01:40:01 Running [Callback] .......................... 756ms FAIL


  2023-03-25 01:41:01 Running [Callback] ........................ 1,386ms FAIL


  2023-03-25 01:42:01 Running [Callback] .......................... 759ms FAIL


  2023-03-25 01:43:01 Running [Callback] .......................... 722ms FAIL


  2023-03-25 01:44:01 Running [Callback] .......................... 725ms FAIL


  2023-03-25 01:45:01 Running [Callback] ........................ 1,514ms FAIL


  2023-03-25 01:46:01 Running [Callback] .......................... 693ms FAIL


  2023-03-25 01:47:01 Running [Callback] .......................... 796ms FAIL


  2023-03-25 01:48:01 Running [Callback] ........................ 2,117ms FAIL


  2023-03-25 01:49:01 Running [Callback] .......................... 800ms FAIL


  2023-03-25 01:50:01 Running [Callback] .......................... 715ms FAIL


  2023-03-25 01:51:01 Running [Callback] ........................ 1,096ms FAIL


  2023-03-25 01:52:01 Running [Callback] .......................... 721ms FAIL


  2023-03-25 01:53:01 Running [Callback] .......................... 750ms FAIL


  2023-03-25 01:54:01 Running [Callback] ........................ 1,575ms FAIL


  2023-03-25 01:55:01 Running [Callback] ........................ 1,231ms FAIL


  2023-03-25 01:56:01 Running [Callback] .......................... 746ms FAIL


  2023-03-25 01:57:01 Running [Callback] .......................... 849ms FAIL


  2023-03-25 01:58:01 Running [Callback] .......................... 878ms FAIL


  2023-03-25 01:59:01 Running [Callback] .......................... 733ms FAIL


  2023-03-25 02:00:01 Running [Callback] .......................... 747ms FAIL


  2023-03-25 02:01:01 Running [Callback] ........................ 1,787ms FAIL


  2023-03-25 02:02:01 Running [Callback] ........................ 1,257ms FAIL


  2023-03-25 02:03:02 Running [Callback] ........................ 3,758ms FAIL


  2023-03-25 02:04:02 Running [Callback] ........................ 1,078ms FAIL


  2023-03-25 02:05:01 Running [Callback] ........................ 3,512ms FAIL


  2023-03-25 02:06:02 Running [Callback] ........................ 6,662ms FAIL


  2023-03-25 02:07:01 Running [Callback] ........................ 1,057ms FAIL


  2023-03-25 02:08:01 Running [Callback] .......................... 879ms FAIL


  2023-03-25 02:09:01 Running [Callback] ........................ 1,054ms FAIL


  2023-03-25 02:10:01 Running [Callback] ........................ 1,422ms FAIL


  2023-03-25 02:11:02 Running [Callback] .......................... 803ms FAIL


  2023-03-25 02:12:02 Running [Callback] .......................... 827ms FAIL


  2023-03-25 02:13:01 Running [Callback] ........................ 1,084ms FAIL


  2023-03-25 02:14:01 Running [Callback] ........................ 1,076ms FAIL


  2023-03-25 02:15:01 Running [Callback] ....................... 15,022ms FAIL


  2023-03-25 02:16:01 Running [Callback] ........................ 7,761ms FAIL


  2023-03-25 02:17:01 Running [Callback] .......................... 789ms FAIL


  2023-03-25 02:18:01 Running [Callback] ........................ 1,184ms FAIL


  2023-03-25 02:19:01 Running [Callback] ........................ 1,029ms FAIL


  2023-03-25 02:20:01 Running [Callback] ........................ 1,672ms FAIL


  2023-03-25 02:21:01 Running [Callback] .......................... 805ms FAIL


  2023-03-25 02:22:01 Running [Callback] .......................... 728ms FAIL


  2023-03-25 02:23:01 Running [Callback] .......................... 797ms FAIL

Error response from daemon: No such container: supman

  2023-03-25 02:25:01 Running [Callback] .......................... 964ms DONE


  2023-03-25 02:26:01 Running [Callback] ........................ 1,075ms DONE


  2023-03-25 02:27:01 Running [Callback] ........................ 1,100ms DONE

Error response from daemon: No such container: supman
Error response from daemon: No such container: supman

  2023-03-25 02:30:02 Running [Callback] .......................... 912ms DONE


  2023-03-25 02:31:01 Running [Callback] ........................ 2,011ms DONE


  2023-03-25 02:32:01 Running [Callback] ........................ 2,712ms DONE

Error response from daemon: No such container: supman
Error response from daemon: No such container: supman

  2023-03-25 02:35:01 Running [Callback] ........................ 1,389ms DONE


  2023-03-25 02:36:01 Running [Callback] ........................ 1,240ms DONE


  2023-03-25 02:37:01 Running [Callback] .......................... 718ms DONE


  2023-03-25 02:38:01 Running [Callback] .......................... 817ms DONE


  2023-03-25 02:39:01 Running [Callback] ........................ 1,536ms DONE


  2023-03-25 02:40:01 Running [Callback] .......................... 834ms DONE


  2023-03-25 02:41:01 Running [Callback] ........................ 1,294ms DONE


  2023-03-25 02:42:01 Running [Callback] .......................... 707ms DONE

Error response from daemon: No such container: supman
Error response from daemon: No such container: supman

  2023-03-25 02:45:01 Running [Callback] .......................... 761ms DONE


  2023-03-25 02:46:01 Running [Callback] ........................ 1,460ms DONE


  2023-03-25 02:47:02 Running [Callback] .......................... 773ms DONE


  2023-03-25 02:48:02 Running [Callback] .......................... 770ms DONE


  2023-03-25 02:49:02 Running [Callback] ........................ 1,054ms DONE


  2023-03-25 02:50:01 Running [Callback] .......................... 729ms DONE


  2023-03-25 02:51:01 Running [Callback] .......................... 715ms DONE


  2023-03-25 02:52:02 Running [Callback] ........................ 1,114ms DONE


  2023-03-25 02:53:01 Running [Callback] .......................... 742ms DONE


  2023-03-25 02:54:01 Running [Callback] .......................... 773ms DONE


  2023-03-25 02:55:01 Running [Callback] .......................... 718ms DONE

Error response from daemon: No such container: supman
Error response from daemon: No such container: supman

  2023-03-25 02:58:01 Running [Callback] ........................ 1,398ms DONE


  2023-03-25 02:59:01 Running [Callback] .......................... 707ms DONE


  2023-03-25 03:00:01 Running [Callback] .......................... 701ms DONE


  2023-03-25 03:01:01 Running [Callback] .......................... 802ms DONE


  2023-03-25 03:02:01 Running [Callback] ........................ 3,757ms DONE


  2023-03-25 03:03:01 Running [Callback] .......................... 992ms DONE


  2023-03-25 03:04:01 Running [Callback] ........................ 2,247ms DONE


  2023-03-25 03:05:01 Running [Callback] ........................ 2,295ms DONE


  2023-03-25 03:06:01 Running [Callback] ........................ 1,232ms DONE


  2023-03-25 03:07:02 Running [Callback] ........................ 3,971ms DONE


  2023-03-25 03:08:01 Running [Callback] ........................ 1,004ms DONE


  2023-03-25 03:09:01 Running [Callback] ........................ 1,305ms DONE


  2023-03-25 03:10:02 Running [Callback] ........................ 1,560ms DONE


  2023-03-25 03:11:01 Running [Callback] ........................ 1,441ms DONE


  2023-03-25 03:12:01 Running [Callback] .......................... 698ms DONE


  2023-03-25 03:13:01 Running [Callback] .......................... 756ms DONE


  2023-03-25 03:14:01 Running [Callback] .......................... 778ms DONE


  2023-03-25 03:15:01 Running [Callback] .......................... 838ms DONE


  2023-03-25 03:16:01 Running [Callback] .......................... 657ms DONE


  2023-03-25 03:17:02 Running [Callback] ........................ 1,168ms DONE


  2023-03-25 03:18:01 Running [Callback] .......................... 725ms DONE


  2023-03-25 03:19:01 Running [Callback] ........................ 1,181ms DONE


  2023-03-25 03:20:01 Running [Callback] .......................... 758ms DONE


  2023-03-25 03:21:01 Running [Callback] ........................ 1,873ms DONE

Error response from daemon: No such container: supman
Error response from daemon: No such container: supman

  2023-03-25 03:24:01 Running [Callback] .......................... 723ms DONE


  2023-03-25 03:25:01 Running [Callback] .......................... 786ms DONE


  2023-03-25 03:26:01 Running [Callback] .......................... 830ms DONE


  2023-03-25 03:27:01 Running [Callback] ........................ 1,161ms DONE


  2023-03-25 03:28:01 Running [Callback] .......................... 777ms DONE


  2023-03-25 03:29:01 Running [Callback] .......................... 943ms DONE


  2023-03-25 03:30:01 Running [Callback] .......................... 777ms DONE


  2023-03-25 03:31:01 Running [Callback] .......................... 673ms DONE


  2023-03-25 03:32:01 Running [Callback] ........................ 2,755ms DONE


  2023-03-25 03:33:02 Running [Callback] ........................ 5,263ms DONE


  2023-03-25 03:34:01 Running [Callback] .......................... 804ms DONE


  2023-03-25 03:35:01 Running [Callback] ........................ 2,072ms DONE


  2023-03-25 03:36:01 Running [Callback] .......................... 686ms DONE


  2023-03-25 03:37:01 Running [Callback] ........................ 1,207ms DONE


  2023-03-25 03:38:02 Running [Callback] .......................... 855ms DONE


  2023-03-25 03:39:01 Running [Callback] ........................ 2,153ms DONE


  2023-03-25 03:40:01 Running [Callback] .......................... 710ms DONE


  2023-03-25 03:41:01 Running [Callback] ........................ 1,660ms DONE


  2023-03-25 03:42:01 Running [Callback] ........................ 2,018ms DONE


  2023-03-25 03:43:01 Running [Callback] .......................... 738ms DONE


  2023-03-25 03:44:01 Running [Callback] .......................... 699ms DONE


  2023-03-25 03:45:01 Running [Callback] .......................... 863ms DONE


  2023-03-25 03:46:01 Running [Callback] ........................ 1,459ms DONE


  2023-03-25 03:47:01 Running [Callback] .......................... 679ms DONE


  2023-03-25 03:48:01 Running [Callback] .......................... 711ms DONE


  2023-03-25 03:49:01 Running [Callback] ........................ 1,040ms DONE


  2023-03-25 03:50:01 Running [Callback] .......................... 981ms DONE


  2023-03-25 03:51:02 Running [Callback] ........................ 1,138ms DONE


  2023-03-25 03:52:01 Running [Callback] .......................... 701ms DONE


  2023-03-25 03:53:01 Running [Callback] ........................ 1,036ms DONE


  2023-03-25 03:54:01 Running [Callback] ....................... 11,460ms FAIL


  2023-03-25 03:55:01 Running [Callback] .......................... 730ms DONE


  2023-03-25 03:56:02 Running [Callback] ........................ 2,130ms DONE


  2023-03-25 03:57:01 Running [Callback] .......................... 843ms DONE


  2023-03-25 03:58:01 Running [Callback] ........................ 1,018ms DONE


  2023-03-25 03:59:01 Running [Callback] ........................ 1,138ms DONE


  2023-03-25 04:00:02 Running [Callback] .......................... 899ms DONE


  2023-03-25 04:01:02 Running [Callback] ........................ 1,772ms DONE


  2023-03-25 04:02:02 Running [Callback] ........................ 1,532ms DONE


  2023-03-25 04:03:01 Running [Callback] ........................ 3,753ms DONE


  2023-03-25 04:04:01 Running [Callback] ........................ 2,380ms DONE


  2023-03-25 04:05:01 Running [Callback] ........................ 2,134ms DONE


  2023-03-25 04:06:01 Running [Callback] .......................... 943ms DONE


  2023-03-25 04:07:01 Running [Callback] ........................ 1,197ms DONE


  2023-03-25 04:08:02 Running [Callback] ........................ 1,668ms DONE


  2023-03-25 04:09:02 Running [Callback] ........................ 4,644ms DONE


  2023-03-25 04:10:01 Running [Callback] ........................ 1,167ms DONE


  2023-03-25 04:11:01 Running [Callback] .......................... 669ms DONE


  2023-03-25 04:12:02 Running [Callback] ........................ 1,068ms DONE


  2023-03-25 04:13:01 Running [Callback] ........................ 1,445ms DONE


  2023-03-25 04:14:01 Running [Callback] .......................... 997ms DONE


  2023-03-25 04:15:02 Running [Callback] ........................ 1,634ms DONE


  2023-03-25 04:16:01 Running [Callback] .......................... 983ms DONE


  2023-03-25 04:17:02 Running [Callback] .......................... 705ms DONE


  2023-03-25 04:18:02 Running [Callback] .......................... 774ms DONE


  2023-03-25 04:19:02 Running [Callback] .......................... 767ms DONE


  2023-03-25 04:20:01 Running [Callback] .......................... 948ms DONE


  2023-03-25 04:21:02 Running [Callback] ........................ 1,503ms DONE


  2023-03-25 04:22:01 Running [Callback] .......................... 760ms DONE


  2023-03-25 04:23:01 Running [Callback] .......................... 864ms DONE


  2023-03-25 04:24:01 Running [Callback] .......................... 729ms DONE


  2023-03-25 04:25:01 Running [Callback] .......................... 891ms DONE


  2023-03-25 04:26:01 Running [Callback] .......................... 671ms DONE


  2023-03-25 04:27:01 Running [Callback] .......................... 720ms DONE


  2023-03-25 04:28:01 Running [Callback] .......................... 737ms DONE


  2023-03-25 04:29:01 Running [Callback] ........................ 1,007ms DONE


  2023-03-25 04:30:01 Running [Callback] ........................ 1,321ms DONE


  2023-03-25 04:31:01 Running [Callback] ........................ 2,345ms DONE


  2023-03-25 04:32:01 Running [Callback] ........................ 3,535ms DONE


  2023-03-25 04:33:01 Running [Callback] ........................ 2,112ms DONE


  2023-03-25 04:34:01 Running [Callback] ........................ 2,829ms DONE


  2023-03-25 04:35:01 Running [Callback] ........................ 2,006ms DONE


  2023-03-25 04:36:01 Running [Callback] .......................... 810ms DONE


  2023-03-25 04:37:01 Running [Callback] .......................... 870ms DONE


  2023-03-25 04:38:02 Running [Callback] ........................ 2,450ms DONE


  2023-03-25 04:39:01 Running [Callback] ........................ 4,634ms DONE


  2023-03-25 04:40:01 Running [Callback] ........................ 3,358ms DONE


  2023-03-25 04:41:02 Running [Callback] ........................ 6,611ms DONE


  2023-03-25 04:42:01 Running [Callback] .......................... 714ms DONE


  2023-03-25 04:43:01 Running [Callback] ........................ 1,281ms DONE


  2023-03-25 04:44:01 Running [Callback] .......................... 779ms DONE


  2023-03-25 04:45:01 Running [Callback] .......................... 865ms DONE


  2023-03-25 04:46:01 Running [Callback] ........................ 1,616ms DONE


  2023-03-25 04:47:02 Running [Callback] .......................... 722ms DONE


  2023-03-25 04:48:01 Running [Callback] .......................... 836ms DONE


  2023-03-25 04:49:02 Running [Callback] .......................... 804ms DONE


  2023-03-25 04:50:02 Running [Callback] .......................... 727ms DONE


  2023-03-25 04:51:01 Running [Callback] ........................ 1,866ms DONE


  2023-03-25 04:52:01 Running [Callback] ........................ 1,250ms DONE


  2023-03-25 04:53:01 Running [Callback] ........................ 1,216ms DONE


  2023-03-25 04:54:01 Running [Callback] .......................... 816ms DONE


  2023-03-25 04:55:01 Running [Callback] .......................... 704ms DONE


  2023-03-25 04:56:01 Running [Callback] .......................... 748ms DONE

